1574002340893:enterYouName
1574002701852:name Vasiliy
1574002790050:name
1574002826564:name Vasiliy
1574002951889:name
1574002963385:name Vasiliy
1574002968487:start
1574003012016:exit
1574003615637:name Ivan
1574003623099:srart
1574003628593:start
1574003765771:name dsf
1574003775986:start
1574003782537:fgh
1574587667182:name Vasia
1574587685064:start
1574587696520:exit
1575192995004:fghh
1584295743327:ert
1584297026819:1
1584297050691:start
1584297058154:start()
1596630309090:вап
1596631594199:start
1596632008690:start()
1596632054829:sdf
1596632087914:start
1596632091619:sdf
1596632254643:name
1596632294630:start
1596632325525:name()asdf
1596632383957:name
1596632470530:start
1596632701735:name
1596632705453:start
1596632713643:f
1596633035331:name
1596633039223:start
1596633166446:name
1596633168841:start
1596633264445:name
1596633582901:start
1596633598660:d
1596633612904:name
1596633614622:start
1596633666690:name
1596633677415:start
1596633714682:name
1596633860961:start
1596634028167:name "sdfsdf"
